
=== Mon Apr 20 11:06:14 2020

Packages were changed.
Update Mode: updateDependencies

The following packages were added:
  com.unity.ide.visualstudio@2.0.0
The following packages were updated:
  com.unity.cinemachine from version 2.3.4 to 2.5.0
  com.unity.collab-proxy from version 1.2.16 to 1.3.7
  com.unity.ide.rider from version 1.1.4 to 2.0.1
  com.unity.ide.vscode from version 1.1.4 to 1.2.0
  com.unity.textmeshpro from version 2.0.1 to 3.0.0-preview.1

=== Wed May 20 11:23:34 2020

Packages were changed.
Update Mode: mergeDefaultDependencies

The following packages were added:
  com.unity.ads@2.3.1
  com.unity.analytics@3.2.2
  com.unity.collab-proxy@1.2.15
  com.unity.package-manager-ui@2.0.3
  com.unity.purchasing@2.0.3
  com.unity.textmeshpro@1.3.0

=== Mon May 25 18:07:04 2020

Packages were changed.
Update Mode: mergeDefaultDependencies

The following packages were added:
  com.unity.2d.sprite@1.0.0
  com.unity.2d.tilemap@1.0.0
  com.unity.ide.rider@1.1.4
  com.unity.ide.vscode@1.1.4
  com.unity.multiplayer-hlapi@1.0.4
  com.unity.postprocessing@2.3.0
  com.unity.timeline@1.2.10
  com.unity.xr.legacyinputhelpers@2.0.2
The following packages were updated:
  com.unity.analytics from version 3.2.2 to 3.3.5
  com.unity.collab-proxy from version 1.2.15 to 1.2.16
  com.unity.purchasing from version 2.0.3 to 2.0.6
